e:\visual\framework\framework\x64\debug\vc141.pdb
e:\visual\framework\framework\x64\debug\vc141.idb
e:\visual\framework\framework\x64\debug\texturemanager.obj
e:\visual\framework\framework\x64\debug\spritemanager.obj
e:\visual\framework\framework\x64\debug\sprite.obj
e:\visual\framework\framework\x64\debug\soundmanager.obj
e:\visual\framework\framework\x64\debug\playerstate.obj
e:\visual\framework\framework\x64\debug\playerstandingstate.obj
e:\visual\framework\framework\x64\debug\playerjumpingstate.obj
e:\visual\framework\framework\x64\debug\playerattackingstate.obj
e:\visual\framework\framework\x64\debug\player.obj
e:\visual\framework\framework\x64\debug\object.obj
e:\visual\framework\framework\x64\debug\main.obj
e:\visual\framework\framework\x64\debug\keyboardmanager.obj
e:\visual\framework\framework\x64\debug\global.obj
e:\visual\framework\framework\x64\debug\game.obj
e:\visual\framework\framework\x64\debug\dsutil.obj
e:\visual\framework\framework\x64\debug\collision.obj
e:\visual\framework\framework\x64\debug\bat.obj
e:\visual\framework\framework\x64\debug\ball.obj
e:\visual\framework\framework\x64\debug\animation.obj
e:\visual\framework\framework\x64\debug\map.obj
e:\visual\framework\framework\x64\debug\camera.obj
e:\visual\framework\framework\x64\debug\mapmanager.obj
e:\visual\framework\framework\x64\debug\scenemanager.obj
e:\visual\framework\framework\x64\debug\playscene.obj
e:\visual\framework\x64\debug\framework.exe
e:\visual\framework\x64\debug\framework.ilk
e:\visual\framework\x64\debug\framework.pdb
e:\visual\framework\framework\x64\debug\map.obj.enc
e:\visual\framework\framework\x64\debug\framework.tlog\cl.command.1.tlog
e:\visual\framework\framework\x64\debug\framework.tlog\cl.read.1.tlog
e:\visual\framework\framework\x64\debug\framework.tlog\cl.write.1.tlog
e:\visual\framework\framework\x64\debug\framework.tlog\link.command.1.tlog
e:\visual\framework\framework\x64\debug\framework.tlog\link.read.1.tlog
e:\visual\framework\framework\x64\debug\framework.tlog\link.write.1.tlog
